#
# There is insufficient memory for the Java Runtime Environment to continue.
# Native memory allocation (mmap) failed to map 536870912 bytes for G1 virtual space
# Possible reasons:
#   The system is out of physical RAM or swap space
#   The process is running with CompressedOops enabled, and the Java Heap may be blocking the growth of the native heap
# Possible solutions:
#   Reduce memory load on the system
#   Increase physical memory or swap space
#   Check if swap backing store is full
#   Decrease Java heap size (-Xmx/-Xms)
#   Decrease number of Java threads
#   Decrease Java thread stack sizes (-Xss)
#   Set larger code cache with -XX:ReservedCodeCacheSize=
#   JVM is running with Zero Based Compressed Oops mode in which the Java heap is
#     placed in the first 32GB address space. The Java Heap base address is the
#     maximum limit for the native heap growth. Please use -XX:HeapBaseMinAddress
#     to set the Java Heap base and to place the Java Heap above 32GB virtual address.
# This output file may be truncated or incomplete.
#
#  Out of Memory Error (os_windows.cpp:3753), pid=10996, tid=25648
#
# JRE version:  (17.0.4.1) (build )
# Java VM: OpenJDK 64-Bit Server VM (17.0.4.1+0-b2043.56-9127311, mixed mode, sharing, tiered, compressed oops, compressed class ptrs, g1 gc, windows-amd64)
# No core dump will be written. Minidumps are not enabled by default on client versions of Windows
#

---------------  S U M M A R Y ------------

Command Line: org.jetbrains.kotlin.cli.jvm.K2JVMCompiler @C:\Users\roudi\Documents\GitHub\guia\sample\feature-common\build\20230110_8763593384093273817.compiler.options

Host: AMD Ryzen 9 5900X 12-Core Processor            , 24 cores, 31G,  Windows 11 , 64 bit Build 22621 (10.0.22621.1037)
Time: Tue Jan 10 23:33:17 2023 AUS Eastern Summer Time elapsed time: 0.007892 seconds (0d 0h 0m 0s)

---------------  T H R E A D  ---------------

Current thread (0x000001eccfc1fc30):  JavaThread "Unknown thread" [_thread_in_vm, id=25648, stack(0x0000000e28a00000,0x0000000e28b00000)]

Stack: [0x0000000e28a00000,0x0000000e28b00000]
Native frames: (J=compiled Java code, j=interpreted, Vv=VM code, C=native code)
V  [jvm.dll+0x68356a]
V  [jvm.dll+0x83fab4]
V  [jvm.dll+0x84125e]
V  [jvm.dll+0x8418c3]
V  [jvm.dll+0x249735]
V  [jvm.dll+0x680439]
V  [jvm.dll+0x674a7a]
V  [jvm.dll+0x30956b]
V  [jvm.dll+0x310a26]
V  [jvm.dll+0x36089e]
V  [jvm.dll+0x360acf]
V  [jvm.dll+0x2df658]
V  [jvm.dll+0x2e05c4]
V  [jvm.dll+0x8112a1]
V  [jvm.dll+0x36e6f1]
V  [jvm.dll+0x7f076c]
V  [jvm.dll+0x3f180f]
V  [jvm.dll+0x3f3351]
C  [jli.dll+0x526b]
C  [ucrtbase.dll+0x29363]
C  [KERNEL32.DLL+0x126bd]
C  [ntdll.dll+0x5dfb8]


---------------  P R O C E S S  ---------------

Threads class SMR info:
_java_thread_list=0x00007ffe91a77f18, length=0, elements={
}

Java Threads: ( => current thread )

Other Threads:
  0x000001eccfcd1270 GCTaskThread "GC Thread#0" [stack: 0x0000000e28b00000,0x0000000e28c00000] [id=15036]
  0x000001eccfc3ef50 ConcurrentGCThread "G1 Main Marker" [stack: 0x0000000e28c00000,0x0000000e28d00000] [id=4380]
  0x000001eccfcdea60 ConcurrentGCThread "G1 Conc#0" [stack: 0x0000000e28d00000,0x0000000e28e00000] [id=26348]

[error occurred during error reporting (printing all threads), id 0xc0000005, EXCEPTION_ACCESS_VIOLATION (0xc0000005) at pc=0x00007ffe91230217]

VM state: not at safepoint (not fully initialized)

VM Mutex/Monitor currently owned by a thread:  ([mutex/lock_event])
[0x000001eccfc1ade0] Heap_lock - owner thread: 0x000001eccfc1fc30

Heap address: 0x0000000601400000, size: 8172 MB, Compressed Oops mode: Zero based, Oop shift amount: 3

CDS archive(s) mapped at: [0x0000000000000000-0x0000000000000000-0x0000000000000000), size 0, SharedBaseAddress: 0x0000000800000000, ArchiveRelocationMode: 0.
Narrow klass base: 0x0000000000000000, Narrow klass shift: 0, Narrow klass range: 0x0

GC Precious Log:
<Empty>

Heap:
 garbage-first heap   total 0K, used 0K [0x0000000601400000, 0x0000000800000000)
  region size 4096K, 0 young (0K), 0 survivors (0K)

[error occurred during error reporting (printing heap information), id 0xc0000005, EXCEPTION_ACCESS_VIOLATION (0xc0000005) at pc=0x00007ffe9161d1f9]

GC Heap History (0 events):
No events

Deoptimization events (0 events):
No events

Classes unloaded (0 events):
No events

Classes redefined (0 events):
No events

Internal exceptions (0 events):
No events

VM Operations (0 events):
No events

Events (1 events):
Event: 0.005 Loaded shared library F:\Program Files\Android Studio Preview\jbr\bin\java.dll


Dynamic libraries:
0x00007ff6d31d0000 - 0x00007ff6d31da000 	F:\Program Files\Android Studio Preview\jbr\bin\java.exe
0x00007ffed6410000 - 0x00007ffed6624000 	C:\WINDOWS\SYSTEM32\ntdll.dll
0x00007ffed61d0000 - 0x00007ffed6293000 	C:\WINDOWS\System32\KERNEL32.DLL
0x00007ffed38a0000 - 0x00007ffed3c3d000 	C:\WINDOWS\System32\KERNELBASE.dll
0x00007ffed40e0000 - 0x00007ffed41f1000 	C:\WINDOWS\System32\ucrtbase.dll
0x00007ffecc410000 - 0x00007ffecc427000 	F:\Program Files\Android Studio Preview\jbr\bin\jli.dll
0x00007ffec2030000 - 0x00007ffec204b000 	F:\Program Files\Android Studio Preview\jbr\bin\VCRUNTIME140.dll
0x00007ffed5220000 - 0x00007ffed53cd000 	C:\WINDOWS\System32\USER32.dll
0x00007ffeb95a0000 - 0x00007ffeb982e000 	C:\WINDOWS\WinSxS\amd64_microsoft.windows.common-controls_6595b64144ccf1df_6.0.22621.436_none_a94247dbc10d8414\COMCTL32.dll
0x00007ffed3c40000 - 0x00007ffed3c66000 	C:\WINDOWS\System32\win32u.dll
0x00007ffed5bf0000 - 0x00007ffed5c19000 	C:\WINDOWS\System32\GDI32.dll
0x00007ffed5c30000 - 0x00007ffed5cd7000 	C:\WINDOWS\System32\msvcrt.dll
0x00007ffed3de0000 - 0x00007ffed3ef2000 	C:\WINDOWS\System32\gdi32full.dll
0x00007ffed3f00000 - 0x00007ffed3f9a000 	C:\WINDOWS\System32\msvcp_win.dll
0x00007ffed4450000 - 0x00007ffed4482000 	C:\WINDOWS\System32\IMM32.DLL
0x00007ffec8660000 - 0x00007ffec866c000 	F:\Program Files\Android Studio Preview\jbr\bin\vcruntime140_1.dll
0x00007ffeae8b0000 - 0x00007ffeae93d000 	F:\Program Files\Android Studio Preview\jbr\bin\msvcp140.dll
0x00007ffe90f40000 - 0x00007ffe91ba9000 	F:\Program Files\Android Studio Preview\jbr\bin\server\jvm.dll
0x00007ffed4630000 - 0x00007ffed46de000 	C:\WINDOWS\System32\ADVAPI32.dll
0x00007ffed5a40000 - 0x00007ffed5ae4000 	C:\WINDOWS\System32\sechost.dll
0x00007ffed4330000 - 0x00007ffed4445000 	C:\WINDOWS\System32\RPCRT4.dll
0x00007ffed4200000 - 0x00007ffed4208000 	C:\WINDOWS\System32\PSAPI.DLL
0x00007ffecd2f0000 - 0x00007ffecd324000 	C:\WINDOWS\SYSTEM32\WINMM.dll
0x00007ffeceec0000 - 0x00007ffeceec9000 	C:\WINDOWS\SYSTEM32\WSOCK32.dll
0x00007ffecaca0000 - 0x00007ffecacaa000 	C:\WINDOWS\SYSTEM32\VERSION.dll
0x00007ffed58e0000 - 0x00007ffed5951000 	C:\WINDOWS\System32\WS2_32.dll
0x00007ffed2850000 - 0x00007ffed2868000 	C:\WINDOWS\SYSTEM32\kernel.appcore.dll
0x00007ffeceeb0000 - 0x00007ffeceeba000 	F:\Program Files\Android Studio Preview\jbr\bin\jimage.dll
0x00007ffec9910000 - 0x00007ffec9b3e000 	C:\WINDOWS\SYSTEM32\DBGHELP.DLL
0x00007ffed5ce0000 - 0x00007ffed606a000 	C:\WINDOWS\System32\combase.dll
0x00007ffed5960000 - 0x00007ffed5a37000 	C:\WINDOWS\System32\OLEAUT32.dll
0x00007ffec98a0000 - 0x00007ffec98d2000 	C:\WINDOWS\SYSTEM32\dbgcore.DLL
0x00007ffed4060000 - 0x00007ffed40db000 	C:\WINDOWS\System32\bcryptPrimitives.dll
0x00007ffec8aa0000 - 0x00007ffec8ac5000 	F:\Program Files\Android Studio Preview\jbr\bin\java.dll

dbghelp: loaded successfully - version: 4.0.5 - missing functions: none
symbol engine: initialized successfully - sym options: 0x614 - pdb path: .;F:\Program Files\Android Studio Preview\jbr\bin;C:\WINDOWS\SYSTEM32;C:\WINDOWS\WinSxS\amd64_microsoft.windows.common-controls_6595b64144ccf1df_6.0.22621.436_none_a94247dbc10d8414;F:\Program Files\Android Studio Preview\jbr\bin\server

VM Arguments:
java_command: org.jetbrains.kotlin.cli.jvm.K2JVMCompiler @C:\Users\roudi\Documents\GitHub\guia\sample\feature-common\build\20230110_8763593384093273817.compiler.options
java_class_path (initial): F:\.gradle\caches\modules-2\files-2.1\org.jetbrains.kotlin\kotlin-compiler-embeddable\1.7.20\8db18559a581dd2c36ddfd5046af145650f5b126\kotlin-compiler-embeddable-1.7.20.jar;F:\.gradle\caches\modules-2\files-2.1\org.jetbrains.kotlin\kotlin-reflect\1.7.20\12b2501e33bb6373e8e347c86d85481863629381\kotlin-reflect-1.7.20.jar;F:\.gradle\caches\modules-2\files-2.1\org.jetbrains.kotlin\kotlin-stdlib\1.7.20\726594ea9ba2beb2ee113647fefa9a10f9fabe52\kotlin-stdlib-1.7.20.jar;F:\.gradle\caches\modules-2\files-2.1\org.jetbrains.kotlin\kotlin-script-runtime\1.7.20\bcd1cc6f865e632550357fcc59f5ffd532615a8\kotlin-script-runtime-1.7.20.jar;F:\.gradle\caches\modules-2\files-2.1\org.jetbrains.kotlin\kotlin-daemon-embeddable\1.7.20\1e24355adad8d529d75d5b19eab55484057431ba\kotlin-daemon-embeddable-1.7.20.jar;F:\.gradle\caches\modules-2\files-2.1\org.jetbrains.intellij.deps\trove4j\1.0.20200330\3afb14d5f9ceb459d724e907a21145e8ff394f02\trove4j-1.0.20200330.jar;F:\.gradle\caches\modules-2\files-2.1\net.java.dev.jna\jna\5.6.0\330f2244e9030119ab3030fc3fededc86713d9cc\jna-5.6.0.jar;F:\.gradle\caches\modules-2\files-2.1\org.jetbrains.kotlin\kotlin-stdlib-common\1.7.20\e15351bdaf9fa06f009be5da7a202e4184f00ae3\kotlin-stdlib-common-1.7.20.jar;F:\.gradle\caches\modules-2\files-2.1\org.jetbrains\annotations\13.0\919f0dfe192fb4e063e7dacadee7f8bb9a2672a9\annotations-13.0.jar
Launcher Type: SUN_STANDARD

[Global flags]
     intx CICompilerCount                          = 12                                        {product} {ergonomic}
     uint ConcGCThreads                            = 5                                         {product} {ergonomic}
     uint G1ConcRefinementThreads                  = 18                                        {product} {ergonomic}
   size_t G1HeapRegionSize                         = 4194304                                   {product} {ergonomic}
    uintx GCDrainStackTargetSize                   = 64                                        {product} {ergonomic}
   size_t InitialHeapSize                          = 536870912                                 {product} {ergonomic}
   size_t MarkStackSize                            = 4194304                                   {product} {ergonomic}
   size_t MaxHeapSize                              = 8568963072                                {product} {ergonomic}
   size_t MinHeapDeltaBytes                        = 4194304                                   {product} {ergonomic}
   size_t MinHeapSize                              = 8388608                                   {product} {ergonomic}
    uintx NonNMethodCodeHeapSize                   = 7602480                                {pd product} {ergonomic}
    uintx NonProfiledCodeHeapSize                  = 122027880                              {pd product} {ergonomic}
    uintx ProfiledCodeHeapSize                     = 122027880                              {pd product} {ergonomic}
    uintx ReservedCodeCacheSize                    = 251658240                              {pd product} {ergonomic}
     bool SegmentedCodeCache                       = true                                      {product} {ergonomic}
   size_t SoftMaxHeapSize                          = 8568963072                             {manageable} {ergonomic}
     bool UseCompressedClassPointers               = true                           {product lp64_product} {ergonomic}
     bool UseCompressedOops                        = true                           {product lp64_product} {ergonomic}
     bool UseG1GC                                  = true                                      {product} {ergonomic}
     bool UseLargePagesIndividualAllocation        = false                                  {pd product} {ergonomic}

Logging:
Log output configuration:
 #0: stdout all=warning uptime,level,tags
 #1: stderr all=off uptime,level,tags

Environment Variables:
JAVA_HOME=C:\Program Files\Java\jdk-18.0.2
PATH=C:\Program Files\Lapce\;C:\Program Files\Common Files\Oracle\Java\javapath;C:\Program Files (x86)\Razer\ChromaBroadcast\bin;C:\Program Files\Razer\ChromaBroadcast\bin;C:\WINDOWS\system32;C:\WINDOWS;C:\WINDOWS\System32\Wbem;C:\WINDOWS\System32\WindowsPowerShell\v1.0\;C:\WINDOWS\System32\OpenSSH\;C:\Program Files\NVIDIA Corporation\NVIDIA NvDLISR;C:\Users\roudi\AppData\Local\Android\Sdk\platform-tools;C:\Program Files (x86)\NVIDIA Corporation\PhysX\Common;C:\Program Files\Android\Android Studio\jre\bin;C:\WINDOWS\system32\config\systemprofile\AppData\Local\Microsoft\WindowsApps;C:\Users\roudi\Documents\php;C:\WINDOWS\system32;C:\WINDOWS;C:\WINDOWS\System32\Wbem;C:\WINDOWS\System32\WindowsPowerShell\v1.0\;C:\WINDOWS\System32\OpenSSH\;C:\Users\roudi\AppData\Local\Programs\Python\Python310;F:\Android\Sdk\platform-tools;C:\Program Files (x86)\Windows Kits\10\Windows Performance Toolkit\;C:\Program Files\PuTTY\;C:\Program Files\GitHub CLI\;C:\Program Files\PowerShell\7\;C:\Program Files\Git\cmd;C:\Program Files\CMake\bin;C:\Users\roudi\AppData\Local\Programs\Python\Python310\Scripts\;C:\Users\roudi\AppData\Local\Programs\Python\Python310\;C:\Users\roudi\scoop\shims;C:\Users\roudi\.cargo\bin;C:\Users\roudi\AppData\Local\Microsoft\WindowsApps;C:\Users\roudi\AppData\Local\Android\Sdk\platform-tools;C:\Program Files\Android\Android Studio\jre\bin;C:\Users\roudi\AppData\Local\GitHubDesktop\bin;F:\IntelliJ IDEA 222.2680.4\bin;C:\Users\roudi\AppData\Local\Programs\oh-my-posh\bin;C:\Users\roudi\Documents\php;C:\Program Files\JetBrains\IntelliJ IDEA Community Edition 2022.1\bin;C:\Program Files\Git\bin;C:\Users\roudi\AppData\Local\JetBrains\Toolbox\scripts;C:\Users\roudi\AppData\Local\Programs\Python\Python310;F:\Program Files\Intellij\bin;;F:\Android\Sdk\platform-tools;;C:\Users\roudi\SurrealDB
USERNAME=roudi
OS=Windows_NT
PROCESSOR_IDENTIFIER=AMD64 Family 25 Model 33 Stepping 0, AuthenticAMD
TMP=C:\Users\roudi\AppData\Local\Temp
TEMP=C:\Users\roudi\AppData\Local\Temp



---------------  S Y S T E M  ---------------

OS:
 Windows 11 , 64 bit Build 22621 (10.0.22621.1037)
OS uptime: 0 days 19:25 hours
Hyper-V role detected

CPU: total 24 (initial active 24) (24 cores per cpu, 2 threads per core) family 25 model 33 stepping 0 microcode 0x0, cx8, cmov, fxsr, ht, mmx, 3dnowpref, sse, sse2, sse3, ssse3, sse4a, sse4.1, sse4.2, popcnt, lzcnt, tsc, tscinvbit, avx, avx2, aes, erms, clmul, bmi1, bmi2, adx, sha, fma, vzeroupper, clflush, clflushopt, hv

Memory: 4k page, system-wide physical 32676M (12703M free)
TotalPageFile size 62054M (AvailPageFile size 371M)
current process WorkingSet (physical memory assigned to process): 11M, peak: 11M
current process commit charge ("private bytes"): 81M, peak: 593M

vm_info: OpenJDK 64-Bit Server VM (17.0.4.1+0-b2043.56-9127311) for windows-amd64 JRE (17.0.4.1+0-b2043.56-9127311), built on Oct  1 2022 00:36:42 by "androidbuild" with MS VC++ 16.10 / 16.11 (VS2019)

END.
